https://news.google.com/rss/articles/CBMijgFBVV95cUxNUXNkZXlSVVNRRm1JOWhGYnl0RnUyNHpIWGdWeWdaWTE2XzhYY2I0bkg5VWJmYTJHQlhnaDh0WDBnY3VTd1hJMGlucmZuWmw2S1Y3cHo5WUNwMHV5T0Vldl9NY2NQNWo3RmEyaDJUVXBQMEJwc01GdDJocWNoem5XMmxfVi1TTzNseG5KSHln?oc=5
https://news.google.com/rss/articles/CBMixgFBVV95cUxNZGp1M2ZzakpBMndUX0ZMbUJ6RV95RnJLSmlFbXdSaEVxcV9VMlhRRjFmRW9KakF4ZjNhMWJ5S1BZUnYwT3Mtc01TMTl5NHQ5eDNwUDU1RmVoWUprN25TMFBLTkxWVERkNFhOdWlaanc3RF9FQ3dFczFfbTB1MGh4RlFyMzhHVjNBdGd6YmZpRHhjUk50YXVXVms3cU9laGU5b01sU0RSbFdDckRjUzB4cXVIdklfc01NUHlNVkJfM1NwcHZHMmc?oc=5
https://news.google.com/rss/articles/CBMiigJBVV95cUxQc1Z1Sk9FVmh0c3RUNEp3QlpLWVM2XzloaDNaRGhnNFdxX1JfZmpEOWRvOEFkQXpneXlyQmFGWUJKRThjMHpVb3ZkcWFCcHh4Ri04SzZlUGpnME80R2RJTVM1cjRVczh1NEhXVUtXRXowWG90SzhpUVJ6Z3Q0OVBhaFpwWGE2Q0FXU2lyYnhvN2N4MTM4N19CMEFycFJpWGowTXJaYm5qUnhYWmxPci1kQ0MtWDJ0allJN19mcnV0N0trOEhiQ0R1TEdiN2xlN1FPQ2p1SHFrTHVUS2t4MkQ3a3h6WmRtU2tGSVRGeldJc0ExZ1Fzb1B1TEFyeWtWb1VKRmdTTWdISGo0Zw?oc=5
https://news.google.com/rss/articles/CBMiwgFBVV95cUxNRy1FRGd2SERRMFFRdVZtUkFwenBaVGllVVJYZVg1RDZCZjJZVUVGMXJ0TjNtZ0dGc3JwdXhFVTR0WE85TGZ0QmJyOFpxeGdjU1U3c2E5cUxrWU5BQzNXTmNfbkZCRDd3YVJ5bVkxWlZGLVVyakpFcWMyV2prQUEtUElISEFUMGR2OUJ3YThqVC12RkN5Q3JHeGFtZ3I0QXNMVW5Gc0pLc1lXUUpib0E0TU1zWmprdVJjVUM5dThHQVVNUdIBxwFBVV95cUxQV3pLcFZWSUxoc3BKNkJuX1VLVnp1S0Q4WnlYRlhvbzA1bEZ2emdPOFFtWVBQb3FEbElYc2NrYXR0dEJZdFh2VzBfY3pndXZTNzhnWjNNZmMxdmxDM0ZSZDNZaU1aTHVZOFhSaGtEdXZnTWZEd0ItMzZTdkdqQktiN3pIU0VCWFVfeF9xRzVpcVI2MUVyc2FKMUtDdGFNNlJVV1M0b28wRGZZVnk2QTIzTFYtZEliYUo3SE1vQzB4N2hkcGZHZmI4?oc=5
https://news.google.com/rss/articles/CBMiY0FVX3lxTE1OTVA4NXIya0QzaE1jN0dCR1BraFBzWUhRbmVtMFVLZmNwUmxTdmlfRU8tZDhuSUNqMkRmMkVmZWJhcGQyY3NKcTgxWDNUczI0bHpOZzR6ekZmRFk1OS10ZlRXYw?oc=5
https://news.google.com/rss/articles/CBMif0FVX3lxTFBocExzTVN0elB5TTBvZVp2SEZocXE1YXZXdXhYSmlMNFMxRjNSUllaQ2E4NUdwU1MyZVdUUjRJX1NJa2l3Z3FsYmRFUG1LcHoxUTdVc0k1NndXbGdjaHNTVUVEUDh4bzNYWjVTR1hNZVJIUEYzdVFYT3lGWnhSU1U?oc=5
https://news.google.com/rss/articles/CBMipwFBVV95cUxQcldKem53QXdTdHMwOGltMGFMMWRXU1lQRVRuc0VxMTZLb3VzQTMzY0VuREtTTzg0Zl9tTUFqcE5Ua2NPclRWSmRIQnJuSmFCOUdsUnV2RUhCMHJQMVg4UFZKVllLaFVIWW1FY05sMVJUdzlJTm03aVkyeklEbkJiZ19DdmoxajA5V0Y5U0FPcVlXSVJKVG44OWhuRzJRSndZS1dVemk5NA?oc=5
https://news.google.com/rss/articles/CBMilwFBVV95cUxQb0RMSnJUMWdRMmFqa0RuRzFoUUFKb05iQm5felowaUVac0lNMkIyaTd5NWpxZzhqMHFJb3ZyRHhDal9nY3M3ZU1LQ1pwQmVHRDZRT0JTdkZEMm1LQXJVdWFzeWdNTUlpejloSFQxbDJLZ3l5T0NMZDJCZjg4RE5heG5MX0RySHMwRUNwc01TWXZYUlB4TW8w0gGcAUFVX3lxTFBhcTMxNnZ6d0JBSUJlZGpIQ0k2WEFHUEZvUHlYNEtZYVV4RXNPMTc3M1hkQWt1a0dnaHJZaWQyay1GWkx1bV9TVTlaUk9NWVR2RHJaaFRUOEMyYkRaV3g3MWtwdzZILUcwc1Z3c0VqZkIzY3lCcWhXQldCd1pvVkx3dzJ0Z0ZfX1dzVWlyamNFMWQ5Ri1RSFpyZnpiSQ?oc=5
https://news.google.com/rss/articles/CBMi0wFBVV95cUxPYmFqZ2tsTlJvMGhfRjVmd0Vnd0I4WFhsZFB4YWxZa3pUU1BoX1JwXzBJUVR6OS1qQWVHUDVvMmQtMFJuMzJvOWw1TXhKT1JkMEphdkxBWmQ2VXhoRXBxWmJwbXFpWThsd2FqVmFNMHh3Vy1yZXhNa1oxZncxZzRfOXZSWHNGOGVqdGttZlA4c1YzV1dnX3kxUHpScjhfODdiLXNFSkl5VE9TVWphZ0l6bjVVNXVYeGhfQ0pCcEIxZ3NheHdySXVpNjdlMnRKRDVRUG5N?oc=5
https://news.google.com/rss/articles/CBMi5AFBVV95cUxOQVVsWGtNV3pfTHU1UDVYakRVbGYwRmRfZVVvcEtrVnlDaUFyNnJ4N0NmaFJodVhvSURZWmxWTkJxWmc0dllhajlOWkdMdFpwc2NMTFNTWnFmbmNGMHNTQXJuTng5MmxTUVNZTTFoRVlNQVRIazVQa21aWEdzLXl4Vi1zblN2OHBFNnFKSGU4ejNZbHF2TG41SWlsd2xTYmZpMVpqTXo4ZDJZaGlIQUwzWldjb2s1dlNYOFEzNEZ2WGRXZzBSYlMxSkNuRnhGSlExZElRLU9uZ0hBNmQ5RXhEMlJWVXc?oc=5
https://news.google.com/rss/articles/CBMimAFBVV95cUxQUXl0MnduWFFOMXYzZzAwc25CblFOaVladk5BbzhuNDhBVUZVdy1Wc2hpLWVRMmgzSldEdENJSXNSaFMwMlhvQ1JYU0F4cWVHazRGWjU4STBOeHRLVGdGRnRLMUl0QW45b2VzMGY3cXJyS1BDR0ZhMWxvVU5XRm91NGVQVmlJTFB1NWtZeGJIQXo2OFFtRW41cQ?oc=5
https://news.google.com/rss/articles/CBMivgFBVV95cUxNVXBoTURGYm5faWJWWWFYbkhFRzdxVEkzVk1EdVJOQzlrblZlV0ZYZVBHcnFqaV9Kb1BWUWxzSEVRbHhJaEptQ0RjWUV5bjFYVV9PSFJNWmZxQUJ1cFUtcUpfZ2M0RnJYV0VYdVY0X1Z3YkFxTExYS1p0OUZkZVFZYWF2QTJyUXppQWhrb1RnMEptYW1abmxxMXdUcDVTeDlqT29xVTlkMW8tcC05LTdCdF8tUlRrWm5wWGFPSTJB?oc=5
https://news.google.com/rss/articles/CBMi0AFBVV95cUxNdWFYZE04dTgtY294YjhyUWVwc1dxT21xN2JXajIzMnpmYzBKTUlWNmNRdjZyWVFCMWNYWnJCYi1vUzFTZjhEdFB1czhUdkY2c2Jrb3Y3ZHZDWmNvUmlPenZXc3NjbHZvTnVHeTVHUGJIS1M4ZjloaGIzaVdoc1BUNlRUbExfQWFPUmc4QlFTQXo1aTh6SEk0RWhHSnVnU2Y4NWNUTEhTMGIyZ3ZWcGV1RS05SUdiTHppb2ozVEVMb0VvZGNMSkR6WURxR09MQzIt?oc=5
https://news.google.com/rss/articles/CBMi_wFBVV95cUxQMzhuZkZCbTlrSDV5d3RTdVJTYzRLaS1FdWswZHM5ZGFyUVl3NVBLOS1PZVROSjQ5Ry15YUxHTzBQZG1CRmlaYnBqWHlDYTdOXzZweFlfejRrR1ZFbUpOZk5vdzM4MEg2Szd4MEpmZ0JNTzRUVEJDSWdQcC1fdlZMM05rSDRJWngzWWhmaGh1bjg1bFFFR2VObWZHT0V2Z1psRmlTZ04zNE5TUXowUDJReVdfQWEzQWlsbk1zRXNDUWxlYU1oNEM3MTc1Nmh1bkFlcno4WDUzU2FwR1ZqWWRnbm0xVUVnY0VUYlEtWTlDeUdadGhiSDR0S0lBQmcwWGM?oc=5
https://news.google.com/rss/articles/CBMisAFBVV95cUxNWGUyQXE0bWRKYUpRZEtNTDRObVNPcE92TElIa1NJYzdSSXF4WFFOM18tVkNqRlhZNXRqcm5FWFpBemF3STRkeV9UcDdjZ3hpUmZuaDM0aHRzdXVoTXRZeXY1U3VEUGZ5UU9TellzaE1aQXl4cTlsRmxMSFhuTG1vYnB5ZEFBU1pLRlFLZ0FaTFdwR2ZSQTd4OTZkMHI3SE1Lem40Mml1U0JQS3Z6al9iUg?oc=5
https://news.google.com/rss/articles/CBMiZ0FVX3lxTFBCVzVPUFVzMnp5cDBIWkNJWGpIZXFKRTFrMjg1RHlEdnVoZjlkUWYxSk1VZ1d4SG8zUHJSckVsb1RqZjE1RG9NWlpfZHpiSlRxX0RhaXZmMVVQTWRael9zam9paXd2bVU?oc=5
https://news.google.com/rss/articles/CBMidEFVX3lxTE56QlAwcF95bzdLeVNFcU8xZ3c1dVpjWUlySTNUS2t5QlVWeFcyYWJSU0NNaG1vbUJFYVV4ZW5IcVV4Nno2MUt4T1NNY242aHg1cjE1eXFlelZQeWdsNjJkdHhqZTltZ0NyZjhQODJUaHkzaThX0gF6QVVfeXFMTUwyTDYxcVk3V1FtVVYwRXNCWThyMEZaYnVtTTBTeTFjLV9kVHBBN1I5X0diMVFoTGtHXzZSek9yZ3RXUU9Bc3dROUd6SnJ1X3hDYktRbndBdm5YM2tjeEQ5VHZCM1ZLOWVpX2FaNERQZXZtdFd6YUNxYlE?oc=5
https://news.google.com/rss/articles/CBMidEFVX3lxTE05U1hKbXlmNkNSV0czelNadFNEQkJqcVduZ0owSDItOTVLaHFJZnpMQ19hNHBROGFXS3hHMnh3czR0RlBqM29ocVdGYWVxcmF4WmRzTlZiSTZvNGFDczVEd3ZuaFFwN2J4TllFUENaZVBTbFBx?oc=5
https://news.google.com/rss/articles/CBMivAFBVV95cUxQcy1qbGFWRWo1SG5XNVdxVUhXcVo4ZU9Ha0N2TjloblpibG1IcUhDNFpFSU0ybV9zQmpKQXliU2JRaUpJM2FrejQzMVlheWFLb0h1cGEwXzFTRUx5RHpSZkhxeXVUU0hiZHBnemNkUFYzel9CYjM3aXNsZldVTHRrY2c1RmMyaEsxemJjT2hCc3NEVzNoWHRlbERDbl9yRDlpM1ZhcVJHMy1CVTJta2JCaWNYUEJiQzJjMVEwYg?oc=5
https://news.google.com/rss/articles/CBMinAFBVV95cUxQYjhiWUxWN2lpOHFNY2VYQnlDTlF0SWhJcUdYeDBYQ2huV0QxanhDTGNWdkxKb1k1UmpVWUotbWhnanhGbDVZTTI1T08tZVZRVUdUNzV1REQtRUpBX2VuN3FnNzRteTQzMUppM25PN2lWYmNuRjNvMmc0dUNHZmoxVFZKZ1VPaE11MlhSdWhnSUxUdVNfNHRSelFFX3g?oc=5
https://news.google.com/rss/articles/CBMisAFBVV95cUxNYm9SRjNud21IalZUT1Rwd1dZMndKRWZZLXdvMTd2T3ZMdWplQ3RreDZPbFgzRTNPSjl1aUVQbnl5YXJNb213U24wWDR6TVc0aUV2RktqTGtHMTZscHl3X2JfZ2Q5SGs2OWhsZlA0bUJUYnRpX09HWEtJQkpacTJlQVloejBaRGwzQ1ZWMFN0SFBZdndhUTJWdW9UU2cyYlJia2pOV3hiTmF1S2w4ZWVXcdIBtgFBVV95cUxNNFZRc1MySXAySlBsR25vRjlRdFN1VlZ1UjB6b0p6VWFkT1NUSEpaQjRsUGlBU0ZRRnV4Ri0zSnMtZVlPLThfS0NJeXBiZWZHTmxhUWZkU2RvT1R4bGkwNG52ODd5cTNDdHVLUFA3eE9sM0FWQS1VeDFhTng0Y2F1MldrcW1NSFBaSmljSDRmMTNmWldob09qX3NRSjRWQTJqY2YxZ2E2NmM0WG0xcGlBRkp5TEU3dw?oc=5
https://news.google.com/rss/articles/CBMidEFVX3lxTFB6QzB1R3QzSUVpQkNaR0RjWDB4eS1Nc0xtWnFYR2pFd1VtWElsVDVrVnNTX3U3dndMTkkyMGlOMXQ0Y2RVX3N6UENRQXRTQktqaUpjMTM2ZmVZZXQyQjM0elpvVjVJSWJYRk1RNE84OFRWWWxP?oc=5
https://news.google.com/rss/articles/CBMiWkFVX3lxTFA4Qi1oeTk1Z21hMnphRDg4Q3FlR1NuQmd0RUpidzBDU3A4YVRlVlZoMnZDbFVNSXA5bWVtUU55UkFqaXBVR1JqY29Sd0Q4NUZOOWtSNFJEWmVZUQ?oc=5
https://news.google.com/rss/articles/CBMidEFVX3lxTE9lRDJOQ3VHVjYwNElyVFBDNldHa1h1WU5WSTVMYXlranVfaDN6R1dPUVJ6MWpZLVRCdmY0SVRrcWNiVS1FQ2llSTU4a09tSVdxVktVYXAyQmEtOVJNYzlGQ0VjRkNmRDhlRWtIU1NsaDZyZkN0?oc=5
https://news.google.com/rss/articles/CBMiogFBVV95cUxQN2FlQkhYT1B5VDNtbEEtVTFyN0diRFowWEVXU3MxODhDNkswTF92T3F6dDE5X2lYTnJZUGNyLWhBaFpBc3FpSXRwT2c0RzhfWWhZT3hFc3NBVVpJZE5ERktaRTNMSm42SkFPbDhTYVNkakFBUkFMQzRSZUJ2NE9FNmVRdHR2UzdiMWc5aVUzVG9MYkpwX19SaVZKM2ZNMERvNWc?oc=5
https://news.google.com/rss/articles/CBMie0FVX3lxTE1Jd2FWbFZBajU3T0JRbjhpdTVkTFEyanN3eGdVdHVoa1lGNlJWay0wY212T1JOVUJPVGdGV2NpeGowWXg2VENYV01lRm5rMGJnUWpSekVoSGRGQUd3Y2FBczhFaTdrZUw1TDZOazVXV0dOdlJxSmxaQ0FvMA?oc=5
https://news.google.com/rss/articles/CBMigAFBVV95cUxPcjAyMldGTF9MMk1ITTJMQlNMdkdqWHF2RFV4MWJfX2RGSXVfUFl2UkkzaDFGYUxud1FVMUFRRVJfc0xqeV9lS3JRbkFnWGlQbE5meVJiSXVSclZBem1iYjdwWjZ4WFlEeE9XNGFuOEtjT25QSkNSbHlvYmwxaHJ1Qg?oc=5
https://news.google.com/rss/articles/CBMitgFBVV95cUxONk9YQVNqRVg0MXhpdDJNY0VkX01HSkVNNmZkYXRlSm92czdZbkdyWHRDTlZCTHBUeldHSy13UUdPM2ktb0l1YTc2OEtib093djF5LWpqajQyeWNPejNsVk9mb1FESjl6b1VMMU1Tam9UQ095T1FuWHNfVHlDNWdQNmJwb2hnYkE2SC1BUUJoN0w4em1wNHlINkpjelZNX216UTRTVWlvQUxXaGxaZEg1SFMtXzc2QQ?oc=5
https://news.google.com/rss/articles/CBMi2gFBVV95cUxPR3hPLUJWamIyVTM3MFRMbkpnQ0trb21zQ2JsQ3ktdDRNcUhiNjdBWW1LZTVfajhSUUl6SXUxOGNTSlIyeFJJV1JVSS10MTB0dzdBT2ttU3hxUlZlSmVkMUpZYWtzRzlzc1VLNmt3cE9xRUROcjZCVnlPZnNYYW1qUUxQbTA2cFQ5ZkM1ZTJuWGZGdWhTcEJnY0E5MHZsX0dWaVcyVGZmNHpyVTgwOTRVZEJZNk1TNFVyZXZqZkwxTW1UZldNV3NIUVg3S2EzeThqcGhQMzlXRjhHdw?oc=5
https://news.google.com/rss/articles/CBMilAFBVV95cUxOcDUzckkyOUNRaDhXNEN0NHNsc3MyNjlmV1V2djNvUUpnYkdpaWEzR1lxYnBfYndNelozQWFfUThYbE9PNHhMa1FENUkwTVZyMVBJM3h3ME1yS1pYUzh1RmthdzRxN2tFWWpuc0xBb0xfMHVWdng2R09sY3c1RHQ5M1Rwa2VUR2NlcmVhMzBGOFFwd0Vp?oc=5
https://news.google.com/rss/articles/CBMirAFBVV95cUxOZ0NNX0xOWUhpczlUblpEZ0NlWXBfekU3cVJpS2NZd1UxNU5weHNQS05iN19XXzFYLTFyVmZ2YWxPNmJEeEtSMXUtZlpMMjBrekZQSHRIWUM0ZmVUTHQ2U2l4ZU4xOFRtcTJtQUwycnlzeWVtOEFYdmpqcmZNRWtadHMxS3BiY080eG1NdFhWbGlOY2V4Wk5yamJBOGxId2lPUmlIU1dCSERVcUtv?oc=5
https://news.google.com/rss/articles/CBMihgFBVV95cUxOb3pJR2djWG1adHM4RWNhVkFST2ZPZURWcDBhTHViT3ZFaEtnTU95c3Jad0ExVU5GZEh4d0xMNU5xR0FJRFFHeHh1b21UMXFZMHVienVKYUpldWJWNjJ2alpsSWZ6R05FTXl1RHNPZG5ocHRLazNxWHNGTHNNaUJtOVZYM2wxQQ?oc=5
https://news.google.com/rss/articles/CBMihAFBVV95cUxPcG52NUtvd2ctYjQ4c25kaGVZcndSZnFkWmI0ZEhZWGZNSFVfZkZkQmVQLTBFZjlBOUIwX21PVnU2TllJelJTWHZpV3p3dmVQVllVY0RkbEVRWjN2QVZVWVFCRjJSekRIMTFjY2g4dUNVMm9yZ0tDZHVKYUYyelRFUnFwZE4?oc=5
https://news.google.com/rss/articles/CBMiyAFBVV95cUxOcXNHY2puMVQxVWdSRkJrSVY0b2hwLUVZbEhCcFNlQk9OcW5SMGNvbWdiRTc4TFBTdFkycEZoTmVpNzNuNzNmaHhGSmJVeFJJc09ZZXpGVU9fY2Z3eHRTcWRRc3dSUE1ZV0RvVW8xYlJnWWUwd19vZ0tiUWJMTEkxZXB0bGUtVElhSlRiVDBTNHlLdjhoTHNNT2RoZDdKUm0wQWU3R2o0WkFzWjhUYlZrU2FManlMdU5DLUl4Rmo0T0U2bFFXNzFZUw?oc=5
https://news.google.com/rss/articles/CBMicEFVX3lxTE1ITEpPcjJTZG1IZVJXYTVWanhKNHZ6QmZ0QngyS1d5T1VzdFVmQ2lrUzJ2U3RQeWZHY3ExbU1DX3dJRFhFRGJoV2tyZmVuYkYzekRrTnZNOFg3Q2hPS3ZzbVlNQVgzcWJONnBIb3h2SW4?oc=5
https://news.google.com/rss/articles/CBMihgFBVV95cUxNUkJpRnh4c3VNR1dXaW9DSTFSVHpYQXVneS1IN1pGcTI2OUVkZm9zLXN2cy04bGFuT19QRnNkQnkwOVNmUWxKUm9MbVdYQTBUMGI0U2t0RUxoT3lGUERLclY0cTdoRUVXNEtZY3pIRnVkcU90ZU1xb3pfVG5aZTJ4Slh5ZGszQQ?oc=5
https://news.google.com/rss/articles/CBMinwFBVV95cUxNajF1VFI0eDJhUmNsQlFFVVUwbC0ta0YwR0tidUF2ejBwLXJwel8yVG84eklsaW9BX1BFSDB4MkFmZVg2UkZZN2JxZmJ6M0Vha2llTUNTMkhxbkFJdk5pcmtDeXhCMElLeUM5TW9TbmFheXV2LTFuUExXQXlVZlRBNGFCRzBURTAxeWtXeDg1cWdDWVdDMVdnMWxkN3ZFejA?oc=5
https://news.google.com/rss/articles/CBMibkFVX3lxTE91d3p4QUEyLUdkaGwtSVItNUZLNmlxQWRMeC11aXpDaFl4UEl3QmZockRzN2NidmlJN2RnZGhHSzBNbU1zcDRCMEtIbVEtYWk4QXh3UkRabmVOMjJ1UmJxM2N6U3d6cUJ5c1dydmZR?oc=5
https://news.google.com/rss/articles/CBMi2wFBVV95cUxQVlAwTmExc0hTZjlWZERoWHlNNXhfLTlQRzJMR29WSUpJcFdqWTFCUV9hWXByT19pSDNjZGJNcTYxazlSVG05ZUNsRG1taWloUTdwa3RUWG5JNVd4b01SYXBKRkVPSDBEWDk1YWMwXzlaX0NCVElPZVNtR0NTRUczMjkzdWxpeW9wdlo4STlnRERmUVNOcmJnRVZRMkg5MUlHc0RFNkphc2JVRFR3MUZ1SkFXRWctSEUyYjhHNFZwR0taQ0M1MjR1cXVBd2hUNGswbHh0Q0hFZ2M5SVk?oc=5
https://news.google.com/rss/articles/CBMihgFBVV95cUxNTVJNbVZ0WlFhcHRVcUd5YVRibnBwajNtMUt5TE1YLUVJMFY3MGxSbXFmdzlHMmVSVzNPSWRHVDJ6Sm9XTnZldzBnYjBoMjBfRDJ0Qi1WVmtveTNRQVJJa05qNW5WYUtxb0JOWVN1ZFVuWTFpc2dzUkw4NXhncWl0WVdQSV9mQQ?oc=5
https://news.google.com/rss/articles/CBMijwFBVV95cUxPVWJ2QmVudEFJN1dOLVpBdXYwSEZtYzBzSmJwUERObVRENWlyOUhfTkNndHE5YjFBY0FCd0MxZWp4NXA2YlhOSGs2c2J6VHFSem9tT2p5Z2hNeFZNT1IxLUJwenZSMTJObmdhd3EzSWJPZWtyOVd0ZXBzdWdKMFNrVnRSblQ5MGdab2I3azRxYw?oc=5
https://news.google.com/rss/articles/CBMinwFBVV95cUxQMkdULTBIamVJVTlMZWc5VXBRNlJ3YWd0WkhQQmxuZnlMVFdLdkdNNDAyRTRTd0FqS1dQVGZYM29OVlV5d0RZUUJLMkhBX1hZOWpSRFlBSi1BVTRoYWNNcm1nRm1MblBoeEtxMVBWckEtMGZnUGNwVnNfMkVuRzVBWW91VmxzQVItX3RxRXNkZ2VMdWZnQVlIekJFQmhxYTg?oc=5
https://news.google.com/rss/articles/CBMiogFBVV95cUxNTGl0RjJOUVFGLTExS2Z3MkZHaTd2cmtXWFRZTjAyVmRaOEh0d2lfS1djZnpNS1B0MjBJU0pBWTBHSC1kbk8zNnBvQlNfZHNHMy1LUTRoWm1kLWJLWnhqd0pFU3c5ZjdXSVoydTNlVy1xUUZEV1ptX21GdWNsb0dwUnZ0V1R1aGhDV0ttdjl5Tm03N0J4VFJjb0NmS0RNWjFQUVE?oc=5
https://news.google.com/rss/articles/CBMi0wFBVV95cUxNRXE1QUZGUGNINnF1QlB2VFFZN0Z1UjRDNGM2S0duSEwwZzRGdDE0Z3Z4ZmNtNG5SZ3owSVFMd05HVDBXejA5ZUtBQUs0aUpiTTBVZndJdXZKaVlHbHBrc2tqSDNyLWFLeXNPSlNFaUVJRGpYc1BHRlFzQ2QzRzhWSS1yeWk4S0tpTkIxSnJ0NGl6aDdHenBLTnhTaDBEekdiYnZPQ0xsVjhCaHRzUkFFbU5pdktMMTFwa0pNY0E3YVd1Njc5MkxfTF92eklyTzc5T05R?oc=5
https://news.google.com/rss/articles/CBMie0FVX3lxTE8ySTcwN3FMUnN0ZzVaUi1lVjlBVWRHbnEzR1JZR2dHS3RQUHB2Nm1waDg4elpkY0FscEFXRDJnb3JfaGNfZERITnBYRF9ESl9kVlFVb0c0RmZXWFJLQ1hzb004aWZnSHdnZHI1a3VxdDBWUEpaNVdVU19JZ9IBgAFBVV95cUxONTdmclZiS0F2Y282a2tZZTl0R2tsczU5SjlEZG5OTWRRd3NuQmVRV29wWWQzdHVxV1JxMDB4SHFrdV9BYUFXNE5NbDlPYVhlN1lTV2lQWU8yLU9SU09HQlExWTJ0dmZxbmphWUc3dTQtTEdDVmZzNjBsY3JnLWE4eA?oc=5
https://news.google.com/rss/articles/CBMimwFBVV95cUxQZm5MZjB2R0ZLd2R2eGdES0dsRGZKSXhXY0lSRnJXMDRUN1VncTdMclA0LWMybi1pSUctMVVPU0lGRVh5QXZZczlZSTAtSkRCMDVBTHYtb2VQbkREX0d1blRXZHQxN191OE5XUHItTHFjYVZ1aGNTeWRMMVliLWtCeXMtMnREUWE4a2dUa0o3WU94Q1MxWnozVWFTUdIBoAFBVV95cUxPZEJ5S3ZfZ0kyUEZ6OTcwcnNiMUtiek9oX3VXRTEwbHpFaFlaSzNGZlFYYzhnNFF2dGd4TjhtT3JVajFBYjBpSVZhV043OEhORWR4RllRcWVfbmVQM2VyVldOTVdzOFEwMHNPUTdralc1T2RvaHoyeDNmRHh2dXc2b3NFS1laTHFWcDFUNmF4LVFNUXRBSmY0bnlHV1VLSVdq?oc=5
https://news.google.com/rss/articles/CBMisANBVV95cUxNT1Zzd1VXcmxLVHJqbm1aS1FwVGV0NHB6N2I5cFVQSFpNMGEzY2FBYXV6Y1p6Y3NVSmRCeFU4NG5aUGVUZ2h6MThzVWcwUDltMzdCd2JPVkhkR1MtZkJ0blNGaWpvLUxZRTRISjZmREwwaGhmQk4tQThVNGxucERDSElKcWU0aTNHTU9JUXdNd2VXWG94X2dJYUhSVE5zYkt4R09WQWtKbkMxM1FfeUFBcXVrZkZRRFZfamQ0X1V4R3VlUVVGZWY5YVYwMDRhaXBOdmJTU1NiVnZQVmNXZmo4TW9QNktlamhTSWVET1hqRFVqZ3RMMXUxa0diZ2FoQUl1OE9IWkFoYXg3WElGQVRIMnZsb2VIcmdLQVllck5JQUFYdHNDNmdVdHIyLVh1UWk2Vng4ZzNYM21GLUc0VFFIbXAtT0dXUG5UTkdiNWNQTGx1S3BscE96S0ZNVEk4a2w1NXRnVEFabWxPNWFuZHd4b21INkJweWVsb3NGWkNCYlUzd0N5VjRJYV9UOTk0WHRDb3NXbHRwWDVMQXpzQnozbDhLWjNtdHVlSkFwRDB5aTA?oc=5
https://news.google.com/rss/articles/CBMikwFBVV95cUxOcGhNRHlROFNiZVJrQXFuRzVHLVlHZ1ZxZV9HQUZZNldUbmVrRmYyQ01qYmUwWlk2b2NyTDFlYThrbTkyVUhnWUZTQkNwMXRaSG15amVHVVpmb3Q3c0xxX2RjeDZ5M3VsbHhsSE9wdnVDS3p5NzRCbDZYRVZUdVQxQzd4QXpaT2hib0plQUdSeWZzQmc?oc=5
https://news.google.com/rss/articles/CBMid0FVX3lxTE9zWG8xOFRDQWstSFVGUGhad0d5bkoxQzZGa3ZubkVhWkQ1emczQThZUkhVRkJmdWd6OHctdG5IRzgyZS0wcWhHU0RxdF8wZmhmQm8xeGhkSUppVEVOMXpxQm5LSm15Ri1VOFdjWURlVVV1ZnZEdTlN?oc=5
https://news.google.com/rss/articles/CBMilwFBVV95cUxPeDVMNTJXaVByX0JweFhJdktEN1VRT2libmV4TU80TGlKbVpuVGoyb2N6RGk2QnBSN1ZGWGRMWE9sTGM0eC1QWDBLSXBQLXRWUG56NXNGZUV6Zm5acGJ2b1NPVUt2eWdIYkdqWUdPYWp0ZjctWm1Dbnd4Rm56VHRYdmQ4dFFxUXh2VkY5ZFNUNXRpWFlsal84?oc=5
https://news.google.com/rss/articles/CBMiakFVX3lxTE5HSXhNTVkxRnZUM3F2OUNXd081SXRvUHhhR2ZkTm1QRHV0eVkzVDBBaVo1WVVqb3hITVREVDI5aF84YUNHV212THBYMWxDWWszcDAyazVHVmg3d0VMdFB0LVI1WW82ZnNuaFE?oc=5
https://news.google.com/rss/articles/CBMiU0FVX3lxTE42aVVlVEQ0VlgtRHQ5R1o3MGNWOWJhS2p2ZDc0SHV5SldabUVodDJVWFBCV2xCWGU4RHdnY0ZJOHk3YXJIcVlDeUhJV0l6Q1FRcEpj?oc=5
https://news.google.com/rss/articles/CBMisgFBVV95cUxOT0xhZFBNRnhPeGVjNWlhSzFobDMtOVoyQWZ6WXJvUk41UUpITFk5am9GczMtX1dGdDQzMlV4RWdmZjVPY3NtMWN1WnB2eUpoRXItcmhYM0pUWktZN2h6bDJTY3A5OWQ3ZUVDQ2FkNHVKVWZPTGZORUt2cWExWmpNVGhqMUtnYXBnaVVjTm9NTkhWcFVTeXpTTVhULUJwU0ZZLWdQakRJYU9WWTc1VGNYajF3?oc=5
https://news.google.com/rss/articles/CBMimgFBVV95cUxPWmEteVRCSmtXUXFfWkN4dXo4RElFaTUycG1xa3Y5ZEdpcnhLX21FZkREdUhsQ3l0ZDQ1cnZyekhkNnpWVWV2dDE0bnctcjlQNTUyWk9lM3YyS2pTQUFlMklTM0ZiVFRzTVhDRHpPcnJnQU5NS3lRRWhOVGduRlB6TVozY1hhVjAtY1Z5eldiVDJNbW96OTBwc3JR0gGfAUFVX3lxTE5lM2kydUQ3SUo4VldJa1NmZVJfbjhoWjlOQ2FPMlc0aVBwMDlkQmFOVEVJS1J6c2tNVHNzVmJ1RF9CZldCMF91YU5md3QwQVhkVjVfdzctOF9wODRVMWRWcDB3ZUxGSEVoT2pMSEpVMV9iaTBiU1FOYXVwdFNyM1ZaMkxLQjlJalFaTS1BdVdrd2RBVUE2U2lFRzVhVVpxQQ?oc=5
https://news.google.com/rss/articles/CBMiuAFBVV95cUxNMy1XQ0VLaTBuU1JydmpqZDdpUVpQQmR5a3VBRzN4T0llUXRXSGt1MF94eGJ5ZDdGR2NOUnlaczd2V3FJaW5FdlYzRHFaMlEyc2R5N3U1UTF5UmQ3SXlTM0dubVQ0Y0pCanNOTGNfMnQxLWtJU241YUliZDBWb09rb1JGNlgteG10X3EycS1KaU41LUkxbWd1dHIxaS15TEFNZWdSWXd6dmg1SDkwekxiSEdVcHg2blhw?oc=5
https://news.google.com/rss/articles/CBMihwFBVV95cUxQQ1kxdkh1ZFdjdlJpRDk3MVc0Ump2VXgyWUV0RjVjQ0J1Q01meVlCblA4SXhFR0RnOG9tUTVKLVpscUFuWFNZRmxvRjNuMW5hSDQya1EwWGhQODQ5YmZIVmR4a0ZSdFMzYXZqSU5iRUFQYmdqdVMwTVhLY2NnU2pia3FDY1ZqWE0?oc=5
https://news.google.com/rss/articles/CBMihgFBVV95cUxQTVJqc1hrSzRwRFRndTJQTTduUmQwemU3T3F5MWlxLVFWZm5rMjVQNFBONXIzVlRFTWFRTXBhdkktTzBDOHdJRDIxbkV4YmZ4UFBuc3QzZER6TEo2RktrMS12TGY0VkUwREpGWXpqcm81aWxORVBjZTNmRV9oT2IwZUwtN1dnQQ?oc=5
https://news.google.com/rss/articles/CBMiugFBVV95cUxQWUlqbmJLdllnYmxiZG9ILTlxT0hxTDVlQTVnN1BmUWw2M2RCaE9JVy1ZblF2NXFJbFhuOENqak1wT05EMEJxanEyR0phRnZfa3pxY1pyc1B6TTFKaWE1T0tOUk5TdXZLZGxBcWlQZXRKTlFVSk0tYjVvWU82Tmt1SC1qcm9LM0Ytd0k1OUstNXRaek1rSE83dnpqRUUtZV9Jb3E2WS1wMGtMcHpnQ0s0WW96UmlJQVRmMlHSAb8BQVVfeXFMTlNSd2UyNHprRXdQOGVORFZqOVZvY1FtNHo1ZF9fVGgyTEVnWkt3SUxyeFNRdTY0XzlMTl9GZm14NlJWbmdNYTVhNF8zRThUYVZXLUtGTzFtTWtFMGpfZEdoNFM0LWRDUHl6R3JJcldicG1pM1p0dk9ZTEVzNkRNd3dEN3hMUTJ3NG5YVVNjejFNbGM3bTB3SENvTGZfbG1ZczU0MWFNY0F2VHR2UGFIR0NhYU1tSkpqWjhZQnZLRUE?oc=5
https://news.google.com/rss/articles/CBMiWkFVX3lxTE1idmNxU2UwOUxJYnFFZ2d4TzM3NDF1NTVXSy1UeEtHbFlUeU9JbVo1WVU0T0dCVFpqV1ZHcFRaSHJhRktxazBYVUZuSmVFTjdOMHpFODA5T3BvUQ?oc=5
https://news.google.com/rss/articles/CBMiekFVX3lxTE9JYmE2LUpYMkI4eGxJTXQ2RVJfd1Ntc3Jsam1lWV9VYkZxUVVfQzl6R2U0aVF1YVRPNGpQSl8zQjhrOW56dnpyaWIxVVkzZUhFd2pRMGF4SFE4WWpEdHNDbDhsTm94dTBubzNlSHNYSDFNTC0tZlVOejZB?oc=5
https://news.google.com/rss/articles/CBMipwFBVV95cUxQOEx5LThTUHBjLTY4TGxaYl9jT1pYdWl5bzgwbU9IemVWUFFSS3dXd2lEVnIzYTFXa2NFZ29Lcl85UFRJOEtQSVFFc0QyMW8zS0sxUjZ6MmhvMV9nQnJzVW9NaVZZR0RzOEhrUXdTVFl0dXNTR25iR3ZXTXJDd3dJUVFmR1cxRGpVdUJHYmZwVV9Pb1ZxLXJzMEI5WVNzQ3pZcVpZVk80RQ?oc=5
https://news.google.com/rss/articles/CBMidEFVX3lxTE9KVGk3d3RxZjEtQlVVUl9FTUVjQThEQWdIMFJwOTFZNDNORHo5b24yRVJXZloxN2VfMnNPODAtVEJDUkhEWW5YQUZwdzlfZ2kza05UMjlQWm5TOEVXX2xST1JzaXVTOTQ1c051UDFWVDg4ZFlZ?oc=5
https://news.google.com/rss/articles/CBMif0FVX3lxTE01SUtJSkoyaVhGNTNrelJRYW5sX3lWQVdFZVQzeVJBTjB6MURsV3hmU09ha1RfQ2NMY0NRTHdNSXlrcl9uWmRxZ1FteFhhQjF3LU51N2lCZVpuZnVWellwdDRsdy1TQW5QTzhrYnhKU04tRk1ZbEJaVXRtQTJLWnfSAYQBQVVfeXFMT0diM0o0d1Y4bmxWNy1SRHZYQnl6R1JtVXI5Z1NrQjFJb1FfU2MwWlhqX3NBUnNrb2FuQ1VnbDE3U3hmdF9WdkNIVVhNTWVLNjRHQU4yRzJxQkl2R2RfYW1wNkhzWmdiT19oMDR0dVIxWXluLW9INmhieVhIbnJSdVZCaXkz?oc=5
https://news.google.com/rss/articles/CBMiY0FVX3lxTE1NSEpTdzhFblhCRlQyaG52XzhfaTNqbnJrU1duRlRjbDdsVG1CTzhIc1ZBaVdyMUVHVk94SHpqYzFzeHRaWXZrRlNFU01UYnM3djFqS3BCQXJBNjVVN1FndjhqZw?oc=5
https://news.google.com/rss/articles/CBMitwFBVV95cUxNaG1WYm53WVhFR2pSbUpqWEs2cFYzbkc5ZUFscjVvYXdMSE9iYkRfRW5IZlVjMmNCSFh1YkxUME1oLW0ySVRmMmRVelJGU2lqZGUwZGZldU1neWI5OVdkeHRmRjltdnhRRGh6LVY2eDZsTG9wRkFMR0RsMkItNG53ZTFPc1hIbFZNT3BwZ3BEekIzQTg2M21yelpaeWpZVWJKSzlWcmM2UWw4SkZWb3NXeS1ONy1XeEE?oc=5
https://news.google.com/rss/articles/CBMidkFVX3lxTE8tczZkWElNZE9OcDgxTm9ZRW1HTUNuT21FZWdNazhMcXJwNE5NYnV6UDM4N3BUcmV2YUlObjBJbUVDY2dBVF9hNjlZMlpIc0lYOGFYcmkwSlVibGljMWtrZEhLYkhMTktod1BTMk82a19NTHRDekE?oc=5
https://news.google.com/rss/articles/CBMi3AJBVV95cUxPUkp1VEVmY205cXBOREZqSGJUS2FHTVJVVF85VHUxUGt1YjN4bFdNaFFEamhwbFNDOWg3ZXJRMHJhMTFxOXpOS3IwTnlOQ19RTEFYUjRkdzg1aWZzRk1wYW5PNGJBR0VqbGNfWEYwYU94OW42eDNYaS1qaV80cDBWQ3R5SkZKdTV5el82SFoyeEFHTWhwM0Z4X21iRXhyWjEzblFaQmlWeE0zWVp3RDJhQUNIU1FxbzJhVmh4QUQ2anYzNXY2U2tEUEUtcDh0MXc4SENLWnZ3UjRRWVRCaTN4SHhSc0ZhS0ZvV09CZHdxclZialNaMG9xc0lQM21GUTZsNmtySlRTNkVjOVIwSkRITUgyaS1sRDJnOUVzZHg1eHg4SXE2bTNhWHhFVzkydHZZTDJ0NFBfVlJxNERmOE5ET0JKRnU5MUI5QjNGbXhJRmJtMnpsd2tFSHFtS1E?oc=5
https://news.google.com/rss/articles/CBMiugFBVV95cUxNSnRTTFA1TWREcng4aVM3MWlrT01nc2FSSGxZeno4TmxPOV9mMzhFbTVSR1dxM0t3Z2N0cHFnUE80QzNuZkl6MFdlUVlHcWVjalRNclAzRXNBQkZHeE1vTGJpUGtOd2VSenU4dFh3VlYzcHpCTFA1akxKWmZoZGNjTU1BWERXQXVsM0xNVG5IeW90WHl0eTdFVVprVDNDX2FqX004NW82TXpMQVl0bTY3elhiRnhwRGo4M0E?oc=5
https://news.google.com/rss/articles/CBMinAFBVV95cUxPNXMxVmZyX0VQR2dBdlRVOGdPV2xYUEVZT0lCb1pEZVYtdmdCUEtQc2dsOWNDb2p0cjF5d3VmUXFMY0RqeGpLc2I0WDBSLWJBbGZrRDdQRVo0M2R3a25wUWtYS0haS3hmYWc3b2ZjV0NPTzNpMkFMTGN6MTE5dU1lWERSRGNPQkhzUnVZQmFvaTVJZG41WWpfY3l0bHI?oc=5
https://news.google.com/rss/articles/CBMisAFBVV95cUxPSzhvX0FYM0xoTU5YaFprNk9RTWpkd09xWm5oSEsyaVc2VFBqUEs2RnVjYUd1NUdsa2EwQkFaTno3M01Fa1o3QlFsd0ljSVUtMXdHOUQwLWlWLVZMeFJUYUE5cm5JWU80S1M2dmJ0TFl5SHp3YWNJR0RLdnBtNzRpSmNXTHdqek45bTcxN0ZSSDBwdlF1cnhrZzNha3kxZXBkYjVoMGZRSi1DVXhtZHAwNQ?oc=5
